#
# There is insufficient memory for the Java Runtime Environment to continue.
# Native memory allocation (mmap) failed to map 132120576 bytes for G1 virtual space
# Possible reasons:
#   The system is out of physical RAM or swap space
#   The process is running with CompressedOops enabled, and the Java Heap may be blocking the growth of the native heap
# Possible solutions:
#   Reduce memory load on the system
#   Increase physical memory or swap space
#   Check if swap backing store is full
#   Decrease Java heap size (-Xmx/-Xms)
#   Decrease number of Java threads
#   Decrease Java thread stack sizes (-Xss)
#   Set larger code cache with -XX:ReservedCodeCacheSize=
#   JVM is running with Unscaled Compressed Oops mode in which the Java heap is
#     placed in the first 4GB address space. The Java Heap base address is the
#     maximum limit for the native heap growth. Please use -XX:HeapBaseMinAddress
#     to set the Java Heap base and to place the Java Heap above 4GB virtual address.
# This output file may be truncated or incomplete.
#
#  Out of Memory Error (os_windows.cpp:3550), pid=19496, tid=3192
#
# JRE version:  (17.0.6+9) (build )
# Java VM: Java HotSpot(TM) 64-Bit Server VM (17.0.6+9-LTS-190, mixed mode, emulated-client, sharing, tiered, compressed oops, compressed class ptrs, g1 gc, windows-amd64)
# No core dump will be written. Minidumps are not enabled by default on client versions of Windows
#

---------------  S U M M A R Y ------------

Command Line: -XX:TieredStopAtLevel=1 dev.gabrielayres.Todolist.TodolistApplication

Host: AMD Ryzen 5 5600G with Radeon Graphics         , 12 cores, 7G,  Windows 10 , 64 bit Build 19041 (10.0.19041.3570)
Time: Sun Oct 29 19:41:07 2023 Hora oficial do Brasil elapsed time: 0.011692 seconds (0d 0h 0m 0s)

---------------  T H R E A D  ---------------

Current thread (0x0000022a8f4ad1b0):  JavaThread "Unknown thread" [_thread_in_vm, id=3192, stack(0x00000033b5c00000,0x00000033b5d00000)]

Stack: [0x00000033b5c00000,0x00000033b5d00000]
Native frames: (J=compiled Java code, j=interpreted, Vv=VM code, C=native code)
V  [jvm.dll+0x6734ea]
V  [jvm.dll+0x7d18f4]
V  [jvm.dll+0x7d309e]
V  [jvm.dll+0x7d3703]
V  [jvm.dll+0x2433c5]
V  [jvm.dll+0x6703f9]
V  [jvm.dll+0x664d32]
V  [jvm.dll+0x300086]
V  [jvm.dll+0x307606]
V  [jvm.dll+0x356c1e]
V  [jvm.dll+0x356e4f]
V  [jvm.dll+0x2d72e8]
V  [jvm.dll+0x2d8254]
V  [jvm.dll+0x7a33b1]
V  [jvm.dll+0x3647f1]
V  [jvm.dll+0x782839]
V  [jvm.dll+0x3e757f]
V  [jvm.dll+0x3e9001]
C  [jli.dll+0x5297]
C  [ucrtbase.dll+0x21bb2]
C  [KERNEL32.DLL+0x17344]
C  [ntdll.dll+0x526b1]


---------------  P R O C E S S  ---------------

Threads class SMR info:
_java_thread_list=0x00007ffcd2ece958, length=0, elements={
}

Java Threads: ( => current thread )

Other Threads:
  0x0000022a8f50de90 GCTaskThread "GC Thread#0" [stack: 0x00000033b5d00000,0x00000033b5e00000] [id=5464]
  0x0000022a8f51fe80 ConcurrentGCThread "G1 Main Marker" [stack: 0x00000033b5e00000,0x00000033b5f00000] [id=20744]
  0x0000022a8f521350 ConcurrentGCThread "G1 Conc#0" [stack: 0x00000033b5f00000,0x00000033b6000000] [id=9376]

[error occurred during error reporting (printing all threads), id 0xc0000005, EXCEPTION_ACCESS_VIOLATION (0xc0000005) at pc=0x00007ffcd2707f07]

VM state: not at safepoint (not fully initialized)

VM Mutex/Monitor currently owned by a thread:  ([mutex/lock_event])
[0x0000022a8f4a95f0] Heap_lock - owner thread: 0x0000022a8f4ad1b0

Heap address: 0x0000000083400000, size: 1996 MB, Compressed Oops mode: 32-bit

CDS archive(s) mapped at: [0x0000000000000000-0x0000000000000000-0x0000000000000000), size 0, SharedBaseAddress: 0x0000000800000000, ArchiveRelocationMode: 0.
Narrow klass base: 0x0000000000000000, Narrow klass shift: 0, Narrow klass range: 0x0

GC Precious Log:
<Empty>

Heap:
 garbage-first heap   total 0K, used 0K [0x0000000083400000, 0x0000000100000000)
  region size 1024K, 0 young (0K), 0 survivors (0K)

[error occurred during error reporting (printing heap information), id 0xc0000005, EXCEPTION_ACCESS_VIOLATION (0xc0000005) at pc=0x00007ffcd2aec759]

GC Heap History (0 events):
No events

Deoptimization events (0 events):
No events

Classes unloaded (0 events):
No events

Classes redefined (0 events):
No events

Internal exceptions (0 events):
No events

VM Operations (0 events):
No events

Events (1 events):
Event: 0.005 Loaded shared library C:\Program Files\Java\jdk-17\bin\java.dll


Dynamic libraries:
0x00007ff70d2c0000 - 0x00007ff70d2d0000 	C:\Program Files\Java\jdk-17\bin\java.exe
0x00007ffd2ddf0000 - 0x00007ffd2dfe7000 	C:\Windows\SYSTEM32\ntdll.dll
0x00007ffd2c9b0000 - 0x00007ffd2ca6d000 	C:\Windows\System32\KERNEL32.DLL
0x00007ffd2b500000 - 0x00007ffd2b7f6000 	C:\Windows\System32\KERNELBASE.dll
0x00007ffd2b830000 - 0x00007ffd2b930000 	C:\Windows\System32\ucrtbase.dll
0x00007ffd0e640000 - 0x00007ffd0e658000 	C:\Program Files\Java\jdk-17\bin\jli.dll
0x00007ffd09150000 - 0x00007ffd0916b000 	C:\Program Files\Java\jdk-17\bin\VCRUNTIME140.dll
0x00007ffd2cfd0000 - 0x00007ffd2d07e000 	C:\Windows\System32\ADVAPI32.dll
0x00007ffd2c4a0000 - 0x00007ffd2c53e000 	C:\Windows\System32\msvcrt.dll
0x00007ffd2bfe0000 - 0x00007ffd2c07c000 	C:\Windows\System32\sechost.dll
0x00007ffd2cd00000 - 0x00007ffd2ce26000 	C:\Windows\System32\RPCRT4.dll
0x00007ffd2ce30000 - 0x00007ffd2cfce000 	C:\Windows\System32\USER32.dll
0x00007ffd2b4d0000 - 0x00007ffd2b4f2000 	C:\Windows\System32\win32u.dll
0x00007ffd13390000 - 0x00007ffd1362a000 	C:\Windows\WinSxS\amd64_microsoft.windows.common-controls_6595b64144ccf1df_6.0.19041.3570_none_60bb2a3971f3e41a\COMCTL32.dll
0x00007ffd2d080000 - 0x00007ffd2d0ac000 	C:\Windows\System32\GDI32.dll
0x00007ffd2b9d0000 - 0x00007ffd2baea000 	C:\Windows\System32\gdi32full.dll
0x00007ffd2b930000 - 0x00007ffd2b9cd000 	C:\Windows\System32\msvcp_win.dll
0x00007ffd218c0000 - 0x00007ffd218ca000 	C:\Windows\SYSTEM32\VERSION.dll
0x00007ffd2d0b0000 - 0x00007ffd2d0e0000 	C:\Windows\System32\IMM32.DLL
0x00007ffd13840000 - 0x00007ffd1384c000 	C:\Program Files\Java\jdk-17\bin\vcruntime140_1.dll
0x00007ffd051a0000 - 0x00007ffd0522e000 	C:\Program Files\Java\jdk-17\bin\msvcp140.dll
0x00007ffcd2420000 - 0x00007ffcd2ff7000 	C:\Program Files\Java\jdk-17\bin\server\jvm.dll
0x00007ffd2ccf0000 - 0x00007ffd2ccf8000 	C:\Windows\System32\PSAPI.DLL
0x00007ffd1b320000 - 0x00007ffd1b347000 	C:\Windows\SYSTEM32\WINMM.dll
0x00007ffd28d20000 - 0x00007ffd28d29000 	C:\Windows\SYSTEM32\WSOCK32.dll
0x00007ffd2cc20000 - 0x00007ffd2cc8b000 	C:\Windows\System32\WS2_32.dll
0x00007ffd29390000 - 0x00007ffd293a2000 	C:\Windows\SYSTEM32\kernel.appcore.dll
0x00007ffd137b0000 - 0x00007ffd137ba000 	C:\Program Files\Java\jdk-17\bin\jimage.dll
0x00007ffd15fa0000 - 0x00007ffd16184000 	C:\Windows\SYSTEM32\DBGHELP.DLL
0x00007ffd15b50000 - 0x00007ffd15b84000 	C:\Windows\SYSTEM32\dbgcore.DLL
0x00007ffd2bdc0000 - 0x00007ffd2be42000 	C:\Windows\System32\bcryptPrimitives.dll
0x00007ffd055c0000 - 0x00007ffd055e5000 	C:\Program Files\Java\jdk-17\bin\java.dll

dbghelp: loaded successfully - version: 4.0.5 - missing functions: none
symbol engine: initialized successfully - sym options: 0x614 - pdb path: .;C:\Program Files\Java\jdk-17\bin;C:\Windows\SYSTEM32;C:\Windows\WinSxS\amd64_microsoft.windows.common-controls_6595b64144ccf1df_6.0.19041.3570_none_60bb2a3971f3e41a;C:\Program Files\Java\jdk-17\bin\server

VM Arguments:
jvm_args: -XX:TieredStopAtLevel=1 
java_command: dev.gabrielayres.Todolist.TodolistApplication
java_class_path (initial): C:\Users\Usuário\Desktop\code\Projects\APIs\Todolist\target\classes;C:\Users\Usuário\.m2\repository\org\springframework\boot\spring-boot-devtools\3.1.5\spring-boot-devtools-3.1.5.jar;C:\Users\Usuário\.m2\repository\org\springframework\boot\spring-boot\3.1.5\spring-boot-3.1.5.jar;C:\Users\Usuário\.m2\repository\org\springframework\spring-context\6.0.13\spring-context-6.0.13.jar;C:\Users\Usuário\.m2\repository\org\springframework\boot\spring-boot-autoconfigure\3.1.5\spring-boot-autoconfigure-3.1.5.jar;C:\Users\Usuário\.m2\repository\ch\qos\logback\logback-classic\1.4.11\logback-classic-1.4.11.jar;C:\Users\Usuário\.m2\repository\ch\qos\logback\logback-core\1.4.11\logback-core-1.4.11.jar;C:\Users\Usuário\.m2\repository\org\apache\logging\log4j\log4j-to-slf4j\2.20.0\log4j-to-slf4j-2.20.0.jar;C:\Users\Usuário\.m2\repository\org\apache\logging\log4j\log4j-api\2.20.0\log4j-api-2.20.0.jar;C:\Users\Usuário\.m2\repository\org\slf4j\jul-to-slf4j\2.0.9\jul-to-slf4j-2.0.9.jar;C:\Users\Usuário\.m2\repository\jakarta\annotation\jakarta.annotation-api\2.1.1\jakarta.annotation-api-2.1.1.jar;C:\Users\Usuário\.m2\repository\org\yaml\snakeyaml\1.33\snakeyaml-1.33.jar;C:\Users\Usuário\.m2\repository\com\fasterxml\jackson\datatype\jackson-datatype-jdk8\2.15.3\jackson-datatype-jdk8-2.15.3.jar;C:\Users\Usuário\.m2\repository\com\fasterxml\jackson\datatype\jackson-datatype-jsr310\2.15.3\jackson-datatype-jsr310-2.15.3.jar;C:\Users\Usuário\.m2\repository\com\fasterxml\jackson\module\jackson-module-parameter-names\2.15.3\jackson-module-parameter-names-2.15.3.jar;C:\Users\Usuário\.m2\repository\org\apache\tomcat\embed\tomcat-embed-core\10.1.15\tomcat-embed-core-10.1.15.jar;C:\Users\Usuário\.m2\repository\org\apache\tomcat\embed\tomcat-embed-websocket\10.1.15\tomcat-embed-websocket-10.1.15.jar;C:\Users\Usuário\.m2\repository\org\springframework\spring-web\6.0.13\spring-web-6.0.13.jar;C:\Users\Usuário\.m2\repository\org\springframework\spring-beans\6.0.13\spring-beans-
Launcher Type: SUN_STANDARD

[Global flags]
     intx CICompilerCount                          = 4                                         {product} {ergonomic}
     uint ConcGCThreads                            = 3                                         {product} {ergonomic}
     uint G1ConcRefinementThreads                  = 10                                        {product} {ergonomic}
   size_t G1HeapRegionSize                         = 1048576                                   {product} {ergonomic}
    uintx GCDrainStackTargetSize                   = 64                                        {product} {ergonomic}
   size_t InitialHeapSize                          = 132120576                                 {product} {ergonomic}
   size_t MarkStackSize                            = 4194304                                   {product} {ergonomic}
   size_t MaxHeapSize                              = 2092957696                                {product} {ergonomic}
   size_t MinHeapDeltaBytes                        = 1048576                                   {product} {ergonomic}
   size_t MinHeapSize                              = 8388608                                   {product} {ergonomic}
    uintx NonProfiledCodeHeapSize                  = 0                                      {pd product} {ergonomic}
     bool ProfileInterpreter                       = false                                  {pd product} {command line}
    uintx ProfiledCodeHeapSize                     = 0                                      {pd product} {ergonomic}
   size_t SoftMaxHeapSize                          = 2092957696                             {manageable} {ergonomic}
     intx TieredStopAtLevel                        = 1                                         {product} {command line}
     bool UseCompressedClassPointers               = true                           {product lp64_product} {ergonomic}
     bool UseCompressedOops                        = true                           {product lp64_product} {ergonomic}
     bool UseG1GC                                  = true                                      {product} {ergonomic}
     bool UseLargePagesIndividualAllocation        = false                                  {pd product} {ergonomic}

Logging:
Log output configuration:
 #0: stdout all=warning uptime,level,tags
 #1: stderr all=off uptime,level,tags

Environment Variables:
JAVA_HOME=C:\Program Files\Java\jdk-17
PATH=C:\Program Files\Common Files\Oracle\Java\javapath;C:\Program Files (x86)\Common Files\Oracle\Java\javapath;C:\Windows\system32;C:\Windows;C:\Windows\System32\Wbem;C:\Windows\System32\WindowsPowerShell\v1.0\;C:\Windows\System32\OpenSSH\;C:\Program Files\Git\cmd;C:\Program Files\NVIDIA Corporation\NVIDIA NvDLISR;C:\Program Files (x86)\NVIDIA Corporation\PhysX\Common;C:\MinGW\bin;;C:\Program Files\Docker\Docker\resources\bin;C:\Program Files\dotnet\;C:\Program Files\Microsoft SQL Server\150\Tools\Binn\;C:\Program Files\Microsoft SQL Server\Client SDK\ODBC\170\Tools\Binn\;C:\Program Files\nodejs\;C:\Program Files (x86)\Windows Kits\10\Windows Performance Toolkit\;C:\Users\Usuário\AppData\Local\Microsoft\WindowsApps;C:\Users\Usuário\AppData\Local\Programs\Microsoft VS Code\bin;C:\MinGW\bin;C:\Users\Usuário\.dotnet\tools;C:\Users\Usuário\AppData\Roaming\npm;C:\Program Files\Java\jdk-17\bin;C:\Program Files\maven\bin;;C:\Program Files\JetBrains\IntelliJ IDEA Community Edition 2023.2.3\bin;
USERNAME=Usuário
OS=Windows_NT
PROCESSOR_IDENTIFIER=AMD64 Family 25 Model 80 Stepping 0, AuthenticAMD



---------------  S Y S T E M  ---------------

OS:
 Windows 10 , 64 bit Build 19041 (10.0.19041.3570)
OS uptime: 3 days 0:49 hours

CPU: total 12 (initial active 12) (12 cores per cpu, 2 threads per core) family 25 model 80 stepping 0 microcode 0x0, cx8, cmov, fxsr, ht, mmx, 3dnowpref, sse, sse2, sse3, ssse3, sse4a, sse4.1, sse4.2, popcnt, lzcnt, tsc, tscinvbit, avx, avx2, aes, erms, clmul, bmi1, bmi2, adx, sha, fma, vzeroupper, clflush, clflushopt

Memory: 4k page, system-wide physical 7980M (384M free)
TotalPageFile size 15980M (AvailPageFile size 106M)
current process WorkingSet (physical memory assigned to process): 10M, peak: 10M
current process commit charge ("private bytes"): 59M, peak: 185M

vm_info: Java HotSpot(TM) 64-Bit Server VM (17.0.6+9-LTS-190) for windows-amd64 JRE (17.0.6+9-LTS-190), built on Dec  6 2022 15:53:54 by "mach5one" with MS VC++ 17.1 (VS2022)

END.
